This is pdfTeX, Version 3.141592653-2.6-1.40.25 (MiKTeX 24.1) (preloaded format=pdflatex 2024.10.2)  2 OCT 2024 13:54
entering extended mode
 restricted \write18 enabled.
 %&-line parsing enabled.
**./zlm/templates/Tiktok_IosMobileApplic_resume.tex
(zlm/templates/Tiktok_IosMobileApplic_resume.tex
LaTeX2e <2023-11-01> patch level 1
L3 programming layer <2024-01-04>

! LaTeX Error: File `resume.cls' not found.

Type X to quit or <RETURN> to proceed,
or enter new name. (Default extension: cls)

Enter file name: X

! Emergency stop.
<read *> 
         
l.3 \usepackage
               [left=0.25in,top=0.25in,right=0.25in,bottom=0.25in]{geometry}...
*** (cannot \read from terminal in nonstop modes)

 
Here is how much of TeX's memory you used:
 24 strings out of 474486
 690 string characters out of 5743755
 1924542 words of memory out of 5000000
 22409 multiletter control sequences out of 15000+600000
 558069 words of font info for 36 fonts, out of 8000000 for 9000
 1141 hyphenation exceptions out of 8191
 19i,0n,29p,175b,17s stack positions out of 10000i,1000n,20000p,200000b,200000s
!  ==> Fatal error occurred, no output PDF file produced!
